<?xml version="1.0" encoding="UTF-8"?>
<robot generator="Robot 3.2.1 (Python 3.8.5 on win32)" generated="20201013 19:14:18.303" rpa="false">
<suite id="s1" name="ManipulationElementTestSuite4" source="Y:\BureauEclipse\ProjetRessources\TestCases\ManipulationElementTestSuite4.robot">
<test id="s1-t1" name="TC_001">
<kw name="Open Browser" library="SeleniumLibrary">
<doc>Opens a new browser instance to the optional ``url``.</doc>
<arguments>
<arg>${url}</arg>
<arg>${browser}</arg>
</arguments>
<msg timestamp="20201013 19:14:18.491" level="INFO">Opening browser 'gc' to base url 'http://omayo.blogspot.com/'.</msg>
<status status="PASS" starttime="20201013 19:14:18.491" endtime="20201013 19:14:22.354"></status>
</kw>
<kw name="Maximize Browser Window" library="SeleniumLibrary">
<doc>Maximizes current browser window.</doc>
<status status="PASS" starttime="20201013 19:14:22.354" endtime="20201013 19:14:24.474"></status>
</kw>
<kw name="Set Selenium Speed" library="SeleniumLibrary">
<doc>Sets the delay that is waited after each Selenium command.</doc>
<arguments>
<arg>3s</arg>
</arguments>
<status status="PASS" starttime="20201013 19:14:24.474" endtime="20201013 19:14:24.474"></status>
</kw>
<kw name="Select From List By Index" library="SeleniumLibrary">
<doc>Selects options from selection list ``locator`` by ``indexes``.</doc>
<arguments>
<arg>id=drop1</arg>
<arg>1</arg>
</arguments>
<msg timestamp="20201013 19:14:24.475" level="INFO">Selecting options from selection list 'id=drop1' by index 1.</msg>
<status status="PASS" starttime="20201013 19:14:24.475" endtime="20201013 19:14:51.586"></status>
</kw>
<kw name="Select From List By Value" library="SeleniumLibrary">
<doc>Selects options from selection list ``locator`` by ``values``.</doc>
<arguments>
<arg>id=drop1</arg>
<arg>jkl</arg>
</arguments>
<msg timestamp="20201013 19:14:51.587" level="INFO">Selecting options from selection list 'id=drop1' by value jkl.</msg>
<status status="PASS" starttime="20201013 19:14:51.587" endtime="20201013 19:15:12.655"></status>
</kw>
<kw name="Select From List By Label" library="SeleniumLibrary">
<doc>Selects options from selection list ``locator`` by ``labels``.</doc>
<arguments>
<arg>id=drop1</arg>
<arg>doc 4</arg>
</arguments>
<msg timestamp="20201013 19:15:12.656" level="INFO">Selecting options from selection list 'id=drop1' by label doc 4.</msg>
<status status="PASS" starttime="20201013 19:15:12.655" endtime="20201013 19:15:33.750"></status>
</kw>
<kw name="Close Browser" library="SeleniumLibrary">
<doc>Closes the current browser.</doc>
<status status="PASS" starttime="20201013 19:15:33.751" endtime="20201013 19:15:38.793"></status>
</kw>
<status status="PASS" starttime="20201013 19:14:18.490" endtime="20201013 19:15:38.794" critical="yes"></status>
</test>
<test id="s1-t2" name="TC_002">
<kw name="Open Browser" library="SeleniumLibrary">
<doc>Opens a new browser instance to the optional ``url``.</doc>
<arguments>
<arg>${url}</arg>
<arg>${browser}</arg>
</arguments>
<msg timestamp="20201013 19:15:38.801" level="INFO">Opening browser 'gc' to base url 'http://omayo.blogspot.com/'.</msg>
<status status="PASS" starttime="20201013 19:15:38.800" endtime="20201013 19:15:45.780"></status>
</kw>
<kw name="Maximize Browser Window" library="SeleniumLibrary">
<doc>Maximizes current browser window.</doc>
<status status="PASS" starttime="20201013 19:15:45.780" endtime="20201013 19:15:50.899"></status>
</kw>
<kw name="Set Selenium Speed" library="SeleniumLibrary">
<doc>Sets the delay that is waited after each Selenium command.</doc>
<arguments>
<arg>3s</arg>
</arguments>
<status status="PASS" starttime="20201013 19:15:50.899" endtime="20201013 19:15:50.899"></status>
</kw>
<kw name="Select From List By Label" library="SeleniumLibrary">
<doc>Selects options from selection list ``locator`` by ``labels``.</doc>
<arguments>
<arg>id=multiselect1</arg>
<arg>Volvo</arg>
</arguments>
<msg timestamp="20201013 19:15:50.900" level="INFO">Selecting options from selection list 'id=multiselect1' by label Volvo.</msg>
<status status="PASS" starttime="20201013 19:15:50.900" endtime="20201013 19:16:11.984"></status>
</kw>
<kw name="Select From List By Label" library="SeleniumLibrary">
<doc>Selects options from selection list ``locator`` by ``labels``.</doc>
<arguments>
<arg>id=multiselect1</arg>
<arg>Audi</arg>
</arguments>
<msg timestamp="20201013 19:16:11.985" level="INFO">Selecting options from selection list 'id=multiselect1' by label Audi.</msg>
<status status="PASS" starttime="20201013 19:16:11.985" endtime="20201013 19:16:33.088"></status>
</kw>
<kw name="Select From List By Label" library="SeleniumLibrary">
<doc>Selects options from selection list ``locator`` by ``labels``.</doc>
<arguments>
<arg>id=multiselect1</arg>
<arg>Swift</arg>
</arguments>
<msg timestamp="20201013 19:16:33.091" level="INFO">Selecting options from selection list 'id=multiselect1' by label Swift.</msg>
<status status="PASS" starttime="20201013 19:16:33.090" endtime="20201013 19:16:54.198"></status>
</kw>
<kw name="Close Browser" library="SeleniumLibrary">
<doc>Closes the current browser.</doc>
<status status="PASS" starttime="20201013 19:16:54.199" endtime="20201013 19:16:59.245"></status>
</kw>
<status status="PASS" starttime="20201013 19:15:38.798" endtime="20201013 19:16:59.247" critical="yes"></status>
</test>
<status status="PASS" starttime="20201013 19:14:18.304" endtime="20201013 19:16:59.251"></status>
</suite>
<statistics>
<total>
<stat pass="2" fail="0">Critical Tests</stat>
<stat pass="2" fail="0">All Tests</stat>
</total>
<tag>
</tag>
<suite>
<stat pass="2" fail="0" id="s1" name="ManipulationElementTestSuite4">ManipulationElementTestSuite4</stat>
</suite>
</statistics>
<errors>
<msg timestamp="20201013 19:14:18.299" level="ERROR">Error in file 'Y:\BureauEclipse\ProjetRessources\TestCases\ManipulationElementTestSuite4.robot' on line 14: Invalid variable name ' #select from dropdown by index(we can select only one item from dropdown)'.</msg>
</errors>
</robot>
